DEBUG main com.wangboo.batchSql.DataUtil - ´´½¨Êı¾İ¿â
DEBUG main com.wangboo.batchSql.DataUtil - ´´½¨servers±í
ERROR main com.wangboo.batchSql.DataUtil - Ö´ĞĞ´´½¨±íÊ§°Ü
java.io.FileNotFoundException: servers.sql (No such file or directory)
	at java.io.FileInputStream.open(Native Method)
	at java.io.FileInputStream.<init>(FileInputStream.java:146)
	at com.wangboo.batchSql.Utils.readConfig(Utils.java:39)
	at com.wangboo.batchSql.DataUtil.createTable(DataUtil.java:37)
	at com.wangboo.batchSql.DataUtil.init(DataUtil.java:25)
	at com.wangboo.batchSql.DataUtil.main(DataUtil.java:57)
DEBUG main com.wangboo.batchSql.DataUtil - ´´½¨Êı¾İ¿â
DEBUG main com.wangboo.batchSql.DataUtil - ´´½¨servers±í
ERROR main com.wangboo.batchSql.DataUtil - Ö´ĞĞ´´½¨±íÊ§°Ü
java.sql.SQLException: [SQLITE_MISUSE]  Library used incorrectly (not an error)
	at org.sqlite.DB.newSQLException(DB.java:383)
	at org.sqlite.DB.newSQLException(DB.java:387)
	at org.sqlite.DB.execute(DB.java:339)
	at org.sqlite.Stmt.exec(Stmt.java:65)
	at org.sqlite.Stmt.execute(Stmt.java:114)
	at com.wangboo.batchSql.DataUtil.createTable(DataUtil.java:37)
	at com.wangboo.batchSql.DataUtil.init(DataUtil.java:25)
	at com.wangboo.batchSql.DataUtil.main(DataUtil.java:57)
DEBUG main com.wangboo.batchSql.DataUtil - ´´½¨Êı¾İ¿â
DEBUG main com.wangboo.batchSql.DataUtil - ´´½¨servers±í
ERROR main com.wangboo.batchSql.DataUtil - Ö´ĞĞ´´½¨±íÊ§°Ü
java.sql.SQLException: [SQLITE_MISUSE]  Library used incorrectly (not an error)
	at org.sqlite.DB.newSQLException(DB.java:383)
	at org.sqlite.DB.newSQLException(DB.java:387)
	at org.sqlite.DB.execute(DB.java:339)
	at org.sqlite.Stmt.exec(Stmt.java:65)
	at org.sqlite.Stmt.execute(Stmt.java:114)
	at com.wangboo.batchSql.DataUtil.createTable(DataUtil.java:37)
	at com.wangboo.batchSql.DataUtil.init(DataUtil.java:25)
	at com.wangboo.batchSql.DataUtil.main(DataUtil.java:58)
DEBUG main com.wangboo.batchSql.DataUtil - ´´½¨Êı¾İ¿â
DEBUG main com.wangboo.batchSql.DataUtil - ´´½¨servers±í
DEBUG main com.wangboo.batchSql.DataUtil - ´´½¨Êı¾İ¿â
DEBUG main com.wangboo.batchSql.DataUtil - ´´½¨servers±í
DEBUG main com.wangboo.batchSql.DataUtil - ´´½¨Êı¾İ¿â
DEBUG main com.wangboo.batchSql.DataUtil - ´´½¨servers±í
DEBUG main com.wangboo.batchSql.DataUtil - ´´½¨Êı¾İ¿â
DEBUG main com.wangboo.batchSql.DataUtil - ´´½¨servers±í
DEBUG main com.wangboo.batchSql.DataUtil - ´´½¨Êı¾İ¿â
DEBUG main com.wangboo.batchSql.DataUtil - ´´½¨servers±í
DEBUG main com.wangboo.batchSql.DataUtil - åˆ›å»ºæ•°æ®åº“æ–‡ä»¶
DEBUG main com.wangboo.batchSql.DataUtil - åˆ›å»ºæ•°æ®åº“ï¼šservers
DEBUG AWT-EventQueue-0 com.wangboo.batchSql.MainFrame - show new server dialog
DEBUG AWT-EventQueue-0 com.wangboo.batchSql.MainFrame - show new server dialog
DEBUG AWT-EventQueue-0 com.wangboo.batchSql.MainFrame - show new server dialog
DEBUG AWT-EventQueue-0 com.wangboo.batchSql.MainFrame - show new server dialog
DEBUG AWT-EventQueue-0 com.wangboo.batchSql.MainFrame - show new server dialog
DEBUG AWT-EventQueue-0 com.wangboo.batchSql.MainFrame - show new server dialog
DEBUG AWT-EventQueue-0 com.wangboo.batchSql.MainFrame - show new server dialog
DEBUG AWT-EventQueue-0 com.wangboo.batchSql.MainFrame - show new server dialog
DEBUG AWT-EventQueue-0 com.wangboo.batchSql.MainFrame - show new server dialog
DEBUG AWT-EventQueue-0 com.wangboo.batchSql.MainFrame - show new server dialog
DEBUG AWT-EventQueue-0 com.wangboo.batchSql.MainFrame - show new server dialog
DEBUG AWT-EventQueue-0 com.wangboo.batchSql.MainFrame - show new server dialog
DEBUG AWT-EventQueue-0 com.wangboo.batchSql.MainFrame - show new server dialog
DEBUG AWT-EventQueue-0 com.wangboo.batchSql.MainFrame - show new server dialog
DEBUG AWT-EventQueue-0 com.wangboo.batchSql.MainFrame - show new server dialog
DEBUG AWT-EventQueue-0 com.wangboo.batchSql.MainFrame - show new server dialog
DEBUG AWT-EventQueue-0 com.wangboo.batchSql.MainFrame - show new server dialog
DEBUG AWT-EventQueue-0 com.wangboo.batchSql.MainFrame - show new server dialog
DEBUG AWT-EventQueue-0 com.wangboo.batchSql.MainFrame - show new server dialog
DEBUG AWT-EventQueue-0 com.wangboo.batchSql.MainFrame - show new server dialog
DEBUG AWT-EventQueue-0 com.wangboo.batchSql.MainFrame - show new server dialog
DEBUG AWT-EventQueue-0 com.wangboo.batchSql.MainFrame - show new server dialog
DEBUG AWT-EventQueue-0 com.wangboo.batchSql.MainFrame - show new server dialog
DEBUG AWT-EventQueue-0 com.wangboo.batchSql.MainFrame - show new server dialog
DEBUG AWT-EventQueue-0 com.wangboo.batchSql.MainFrame - show new server dialog
DEBUG AWT-EventQueue-0 com.wangboo.batchSql.MainFrame - show new server dialog
DEBUG AWT-EventQueue-0 com.wangboo.batchSql.MainFrame - show new server dialog
DEBUG AWT-EventQueue-0 com.wangboo.batchSql.MainFrame - show new server dialog
DEBUG AWT-EventQueue-0 com.wangboo.batchSql.mysql.MysqlClient - url = mysql://192.168.1.182:3333/jiyu?useUnicode=true&characterEncoding=utf8
ERROR AWT-EventQueue-0 com.wangboo.batchSql.mysql.MysqlClient - connection failed : 
java.sql.SQLException: No suitable driver found for mysql://192.168.1.182:3333/jiyu?useUnicode=true&characterEncoding=utf8
	at java.sql.DriverManager.getConnection(DriverManager.java:596)
	at java.sql.DriverManager.getConnection(DriverManager.java:215)
	at com.wangboo.batchSql.mysql.MysqlClient.testConnection(MysqlClient.java:33)
	at com.wangboo.batchSql.comp.NewServerDialog.actionPerformed(NewServerDialog.java:86)
	at javax.swing.AbstractButton.fireActionPerformed(AbstractButton.java:2018)
	at javax.swing.AbstractButton$Handler.actionPerformed(AbstractButton.java:2341)
	at javax.swing.DefaultButtonModel.fireActionPerformed(DefaultButtonModel.java:402)
	at javax.swing.DefaultButtonModel.setPressed(DefaultButtonModel.java:259)
	at javax.swing.plaf.basic.BasicButtonListener.mouseReleased(BasicButtonListener.java:252)
	at java.awt.Component.processMouseEvent(Component.java:6516)
	at javax.swing.JComponent.processMouseEvent(JComponent.java:3320)
	at java.awt.Component.processEvent(Component.java:6281)
	at java.awt.Container.processEvent(Container.java:2229)
	at java.awt.Component.dispatchEventImpl(Component.java:4872)
	at java.awt.Container.dispatchEventImpl(Container.java:2287)
	at java.awt.Component.dispatchEvent(Component.java:4698)
	at java.awt.LightweightDispatcher.retargetMouseEvent(Container.java:4832)
	at java.awt.LightweightDispatcher.processMouseEvent(Container.java:4492)
	at java.awt.LightweightDispatcher.dispatchEvent(Container.java:4422)
	at java.awt.Container.dispatchEventImpl(Container.java:2273)
	at java.awt.Window.dispatchEventImpl(Window.java:2719)
	at java.awt.Component.dispatchEvent(Component.java:4698)
	at java.awt.EventQueue.dispatchEventImpl(EventQueue.java:735)
	at java.awt.EventQueue.access$200(EventQueue.java:103)
	at java.awt.EventQueue$3.run(EventQueue.java:694)
	at java.awt.EventQueue$3.run(EventQueue.java:692)
	at java.security.AccessController.doPrivileged(Native Method)
	at java.security.ProtectionDomain$1.doIntersectionPrivilege(ProtectionDomain.java:76)
	at java.security.ProtectionDomain$1.doIntersectionPrivilege(ProtectionDomain.java:87)
	at java.awt.EventQueue$4.run(EventQueue.java:708)
	at java.awt.EventQueue$4.run(EventQueue.java:706)
	at java.security.AccessController.doPrivileged(Native Method)
	at java.security.ProtectionDomain$1.doIntersectionPrivilege(ProtectionDomain.java:76)
	at java.awt.EventQueue.dispatchEvent(EventQueue.java:705)
	at java.awt.EventDispatchThread.pumpOneEventForFilters(EventDispatchThread.java:242)
	at java.awt.EventDispatchThread.pumpEventsForFilter(EventDispatchThread.java:161)
	at java.awt.EventDispatchThread.pumpEventsForHierarchy(EventDispatchThread.java:150)
	at java.awt.EventDispatchThread.pumpEvents(EventDispatchThread.java:146)
	at java.awt.EventDispatchThread.pumpEvents(EventDispatchThread.java:138)
	at java.awt.EventDispatchThread.run(EventDispatchThread.java:91)
DEBUG AWT-EventQueue-0 com.wangboo.batchSql.comp.NewServerDialog - testConnectionCallback: isConnected : false, failDesc = No suitable driver found for mysql://192.168.1.182:3333/jiyu?useUnicode=true&characterEncoding=utf8
DEBUG AWT-EventQueue-0 com.wangboo.batchSql.MainFrame - show new server dialog
DEBUG AWT-EventQueue-0 com.wangboo.batchSql.mysql.MysqlClient - url = mysql://192.168.1.182:3333/jiyu?useUnicode=true&characterEncoding=utf8
ERROR AWT-EventQueue-0 com.wangboo.batchSql.mysql.MysqlClient - connection failed : 
java.sql.SQLException: No suitable driver found for mysql://192.168.1.182:3333/jiyu?useUnicode=true&characterEncoding=utf8
	at java.sql.DriverManager.getConnection(DriverManager.java:596)
	at java.sql.DriverManager.getConnection(DriverManager.java:215)
	at com.wangboo.batchSql.mysql.MysqlClient.testConnection(MysqlClient.java:33)
	at com.wangboo.batchSql.comp.NewServerDialog.actionPerformed(NewServerDialog.java:86)
	at javax.swing.AbstractButton.fireActionPerformed(AbstractButton.java:2018)
	at javax.swing.AbstractButton$Handler.actionPerformed(AbstractButton.java:2341)
	at javax.swing.DefaultButtonModel.fireActionPerformed(DefaultButtonModel.java:402)
	at javax.swing.DefaultButtonModel.setPressed(DefaultButtonModel.java:259)
	at javax.swing.plaf.basic.BasicButtonListener.mouseReleased(BasicButtonListener.java:252)
	at java.awt.Component.processMouseEvent(Component.java:6516)
	at javax.swing.JComponent.processMouseEvent(JComponent.java:3320)
	at java.awt.Component.processEvent(Component.java:6281)
	at java.awt.Container.processEvent(Container.java:2229)
	at java.awt.Component.dispatchEventImpl(Component.java:4872)
	at java.awt.Container.dispatchEventImpl(Container.java:2287)
	at java.awt.Component.dispatchEvent(Component.java:4698)
	at java.awt.LightweightDispatcher.retargetMouseEvent(Container.java:4832)
	at java.awt.LightweightDispatcher.processMouseEvent(Container.java:4492)
	at java.awt.LightweightDispatcher.dispatchEvent(Container.java:4422)
	at java.awt.Container.dispatchEventImpl(Container.java:2273)
	at java.awt.Window.dispatchEventImpl(Window.java:2719)
	at java.awt.Component.dispatchEvent(Component.java:4698)
	at java.awt.EventQueue.dispatchEventImpl(EventQueue.java:735)
	at java.awt.EventQueue.access$200(EventQueue.java:103)
	at java.awt.EventQueue$3.run(EventQueue.java:694)
	at java.awt.EventQueue$3.run(EventQueue.java:692)
	at java.security.AccessController.doPrivileged(Native Method)
	at java.security.ProtectionDomain$1.doIntersectionPrivilege(ProtectionDomain.java:76)
	at java.security.ProtectionDomain$1.doIntersectionPrivilege(ProtectionDomain.java:87)
	at java.awt.EventQueue$4.run(EventQueue.java:708)
	at java.awt.EventQueue$4.run(EventQueue.java:706)
	at java.security.AccessController.doPrivileged(Native Method)
	at java.security.ProtectionDomain$1.doIntersectionPrivilege(ProtectionDomain.java:76)
	at java.awt.EventQueue.dispatchEvent(EventQueue.java:705)
	at java.awt.EventDispatchThread.pumpOneEventForFilters(EventDispatchThread.java:242)
	at java.awt.EventDispatchThread.pumpEventsForFilter(EventDispatchThread.java:161)
	at java.awt.EventDispatchThread.pumpEventsForHierarchy(EventDispatchThread.java:150)
	at java.awt.EventDispatchThread.pumpEvents(EventDispatchThread.java:146)
	at java.awt.EventDispatchThread.pumpEvents(EventDispatchThread.java:138)
	at java.awt.EventDispatchThread.run(EventDispatchThread.java:91)
DEBUG AWT-EventQueue-0 com.wangboo.batchSql.comp.NewServerDialog - testConnectionCallback: isConnected : false, failDesc = No suitable driver found for mysql://192.168.1.182:3333/jiyu?useUnicode=true&characterEncoding=utf8
DEBUG AWT-EventQueue-0 com.wangboo.batchSql.MainFrame - show new server dialog
DEBUG AWT-EventQueue-0 com.wangboo.batchSql.mysql.MysqlClient - url = jdbc:mysql://192.168.1.182:3333/jiyu?useUnicode=true&characterEncoding=utf8
DEBUG AWT-EventQueue-0 com.wangboo.batchSql.comp.NewServerDialog - testConnectionCallback: isConnected : true, failDesc = null
DEBUG AWT-EventQueue-0 com.wangboo.batchSql.MainFrame - show new server dialog
DEBUG AWT-EventQueue-0 com.wangboo.batchSql.mysql.MysqlClient - url = jdbc:mysql://192.168.1.182:3333/jiyu?useUnicode=true&characterEncoding=utf8
DEBUG AWT-EventQueue-0 com.wangboo.batchSql.comp.NewServerDialog - testConnectionCallback: isConnected : true, failDesc = null
DEBUG AWT-EventQueue-0 com.wangboo.batchSql.MainFrame - show new server dialog
DEBUG AWT-EventQueue-0 com.wangboo.batchSql.mysql.MysqlClient - url = jdbc:mysql://192.168.1.182:3333/jiyu?useUnicode=true&characterEncoding=utf8
DEBUG AWT-EventQueue-0 com.wangboo.batchSql.comp.NewServerDialog - testConnectionCallback: isConnected : true, failDesc = null
DEBUG main com.wangboo.batchSql.DataUtil - åˆ›å»ºæ•°æ®åº“æ–‡ä»¶
DEBUG main com.wangboo.batchSql.DataUtil - åˆ›å»ºæ•°æ®åº“ï¼šservers
DEBUG AWT-EventQueue-0 com.wangboo.batchSql.MainFrame - show new server dialog
ERROR AWT-EventQueue-0 com.wangboo.batchSql.DataUtil - addServer error : 
java.sql.SQLException: not implemented by SQLite JDBC driver
	at org.sqlite.Unused.unused(Unused.java:29)
	at org.sqlite.Unused.execute(Unused.java:40)
	at com.wangboo.batchSql.DataUtil.addServer(DataUtil.java:76)
	at com.wangboo.batchSql.comp.NewServerDialog.actionPerformed(NewServerDialog.java:90)
	at javax.swing.AbstractButton.fireActionPerformed(AbstractButton.java:2018)
	at javax.swing.AbstractButton$Handler.actionPerformed(AbstractButton.java:2341)
	at javax.swing.DefaultButtonModel.fireActionPerformed(DefaultButtonModel.java:402)
	at javax.swing.DefaultButtonModel.setPressed(DefaultButtonModel.java:259)
	at javax.swing.plaf.basic.BasicButtonListener.mouseReleased(BasicButtonListener.java:252)
	at java.awt.Component.processMouseEvent(Component.java:6516)
	at javax.swing.JComponent.processMouseEvent(JComponent.java:3320)
	at java.awt.Component.processEvent(Component.java:6281)
	at java.awt.Container.processEvent(Container.java:2229)
	at java.awt.Component.dispatchEventImpl(Component.java:4872)
	at java.awt.Container.dispatchEventImpl(Container.java:2287)
	at java.awt.Component.dispatchEvent(Component.java:4698)
	at java.awt.LightweightDispatcher.retargetMouseEvent(Container.java:4832)
	at java.awt.LightweightDispatcher.processMouseEvent(Container.java:4492)
	at java.awt.LightweightDispatcher.dispatchEvent(Container.java:4422)
	at java.awt.Container.dispatchEventImpl(Container.java:2273)
	at java.awt.Window.dispatchEventImpl(Window.java:2719)
	at java.awt.Component.dispatchEvent(Component.java:4698)
	at java.awt.EventQueue.dispatchEventImpl(EventQueue.java:735)
	at java.awt.EventQueue.access$200(EventQueue.java:103)
	at java.awt.EventQueue$3.run(EventQueue.java:694)
	at java.awt.EventQueue$3.run(EventQueue.java:692)
	at java.security.AccessController.doPrivileged(Native Method)
	at java.security.ProtectionDomain$1.doIntersectionPrivilege(ProtectionDomain.java:76)
	at java.security.ProtectionDomain$1.doIntersectionPrivilege(ProtectionDomain.java:87)
	at java.awt.EventQueue$4.run(EventQueue.java:708)
	at java.awt.EventQueue$4.run(EventQueue.java:706)
	at java.security.AccessController.doPrivileged(Native Method)
	at java.security.ProtectionDomain$1.doIntersectionPrivilege(ProtectionDomain.java:76)
	at java.awt.EventQueue.dispatchEvent(EventQueue.java:705)
	at java.awt.EventDispatchThread.pumpOneEventForFilters(EventDispatchThread.java:242)
	at java.awt.EventDispatchThread.pumpEventsForFilter(EventDispatchThread.java:161)
	at java.awt.EventDispatchThread.pumpEventsForHierarchy(EventDispatchThread.java:150)
	at java.awt.EventDispatchThread.pumpEvents(EventDispatchThread.java:146)
	at java.awt.EventDispatchThread.pumpEvents(EventDispatchThread.java:138)
	at java.awt.EventDispatchThread.run(EventDispatchThread.java:91)
DEBUG main com.wangboo.batchSql.DataUtil - åˆ›å»ºæ•°æ®åº“æ–‡ä»¶
DEBUG main com.wangboo.batchSql.DataUtil - åˆ›å»ºæ•°æ®åº“ï¼šservers
DEBUG main com.wangboo.batchSql.DataUtil - åˆ›å»ºæ•°æ®åº“æ–‡ä»¶
DEBUG main com.wangboo.batchSql.DataUtil - åˆ›å»ºæ•°æ®åº“ï¼šservers
DEBUG AWT-EventQueue-0 com.wangboo.batchSql.MainFrame - show new server dialog
ERROR AWT-EventQueue-0 com.wangboo.batchSql.DataUtil - addServer error : 
java.sql.SQLException: not implemented by SQLite JDBC driver
	at org.sqlite.Unused.unused(Unused.java:29)
	at org.sqlite.Unused.execute(Unused.java:40)
	at com.wangboo.batchSql.DataUtil.addServer(DataUtil.java:77)
	at com.wangboo.batchSql.comp.NewServerDialog.actionPerformed(NewServerDialog.java:90)
	at javax.swing.AbstractButton.fireActionPerformed(AbstractButton.java:2018)
	at javax.swing.AbstractButton$Handler.actionPerformed(AbstractButton.java:2341)
	at javax.swing.DefaultButtonModel.fireActionPerformed(DefaultButtonModel.java:402)
	at javax.swing.DefaultButtonModel.setPressed(DefaultButtonModel.java:259)
	at javax.swing.plaf.basic.BasicButtonListener.mouseReleased(BasicButtonListener.java:252)
	at java.awt.Component.processMouseEvent(Component.java:6516)
	at javax.swing.JComponent.processMouseEvent(JComponent.java:3320)
	at java.awt.Component.processEvent(Component.java:6281)
	at java.awt.Container.processEvent(Container.java:2229)
	at java.awt.Component.dispatchEventImpl(Component.java:4872)
	at java.awt.Container.dispatchEventImpl(Container.java:2287)
	at java.awt.Component.dispatchEvent(Component.java:4698)
	at java.awt.LightweightDispatcher.retargetMouseEvent(Container.java:4832)
	at java.awt.LightweightDispatcher.processMouseEvent(Container.java:4492)
	at java.awt.LightweightDispatcher.dispatchEvent(Container.java:4422)
	at java.awt.Container.dispatchEventImpl(Container.java:2273)
	at java.awt.Window.dispatchEventImpl(Window.java:2719)
	at java.awt.Component.dispatchEvent(Component.java:4698)
	at java.awt.EventQueue.dispatchEventImpl(EventQueue.java:735)
	at java.awt.EventQueue.access$200(EventQueue.java:103)
	at java.awt.EventQueue$3.run(EventQueue.java:694)
	at java.awt.EventQueue$3.run(EventQueue.java:692)
	at java.security.AccessController.doPrivileged(Native Method)
	at java.security.ProtectionDomain$1.doIntersectionPrivilege(ProtectionDomain.java:76)
	at java.security.ProtectionDomain$1.doIntersectionPrivilege(ProtectionDomain.java:87)
	at java.awt.EventQueue$4.run(EventQueue.java:708)
	at java.awt.EventQueue$4.run(EventQueue.java:706)
	at java.security.AccessController.doPrivileged(Native Method)
	at java.security.ProtectionDomain$1.doIntersectionPrivilege(ProtectionDomain.java:76)
	at java.awt.EventQueue.dispatchEvent(EventQueue.java:705)
	at java.awt.EventDispatchThread.pumpOneEventForFilters(EventDispatchThread.java:242)
	at java.awt.EventDispatchThread.pumpEventsForFilter(EventDispatchThread.java:161)
	at java.awt.EventDispatchThread.pumpEventsForHierarchy(EventDispatchThread.java:150)
	at java.awt.EventDispatchThread.pumpEvents(EventDispatchThread.java:146)
	at java.awt.EventDispatchThread.pumpEvents(EventDispatchThread.java:138)
	at java.awt.EventDispatchThread.run(EventDispatchThread.java:91)
DEBUG main com.wangboo.batchSql.DataUtil - åˆ›å»ºæ•°æ®åº“æ–‡ä»¶
DEBUG main com.wangboo.batchSql.DataUtil - åˆ›å»ºæ•°æ®åº“ï¼šservers
ERROR main com.wangboo.batchSql.DataUtil - addServer error : 
java.sql.SQLException: not implemented by SQLite JDBC driver
	at org.sqlite.Unused.unused(Unused.java:29)
	at org.sqlite.Unused.execute(Unused.java:40)
	at com.wangboo.batchSql.DataUtil.addServer(DataUtil.java:77)
	at com.wangboo.batchSql.DataUtil.main(DataUtil.java:111)
DEBUG main com.wangboo.batchSql.DataUtil - åˆ›å»ºæ•°æ®åº“æ–‡ä»¶
DEBUG main com.wangboo.batchSql.DataUtil - åˆ›å»ºæ•°æ®åº“ï¼šservers
DEBUG main com.wangboo.batchSql.DataUtil - åˆ›å»ºæ•°æ®åº“æ–‡ä»¶
DEBUG main com.wangboo.batchSql.DataUtil - åˆ›å»ºæ•°æ®åº“ï¼šservers
DEBUG main com.wangboo.batchSql.DataUtil - åˆ›å»ºæ•°æ®åº“æ–‡ä»¶
DEBUG main com.wangboo.batchSql.DataUtil - åˆ›å»ºæ•°æ®åº“ï¼šservers
ERROR main com.wangboo.batchSql.DataUtil - addServer error : 
java.sql.SQLException: not implemented by SQLite JDBC driver
	at org.sqlite.Unused.unused(Unused.java:29)
	at org.sqlite.Unused.execute(Unused.java:40)
	at com.wangboo.batchSql.DataUtil.addServer(DataUtil.java:87)
	at com.wangboo.batchSql.DataUtil.main(DataUtil.java:121)
DEBUG main com.wangboo.batchSql.DataUtil - åˆ›å»ºæ•°æ®åº“æ–‡ä»¶
DEBUG main com.wangboo.batchSql.DataUtil - åˆ›å»ºæ•°æ®åº“ï¼šservers
DEBUG main com.wangboo.batchSql.DataUtil - åˆ›å»ºæ•°æ®åº“æ–‡ä»¶
DEBUG main com.wangboo.batchSql.DataUtil - åˆ›å»ºæ•°æ®åº“ï¼šservers
DEBUG main com.wangboo.batchSql.DataUtil - åˆ›å»ºæ•°æ®åº“æ–‡ä»¶
DEBUG main com.wangboo.batchSql.DataUtil - åˆ›å»ºæ•°æ®åº“ï¼šservers
DEBUG main com.wangboo.batchSql.DataUtil - åˆ›å»ºæ•°æ®åº“æ–‡ä»¶
DEBUG main com.wangboo.batchSql.DataUtil - åˆ›å»ºæ•°æ®åº“ï¼šservers
DEBUG main com.wangboo.batchSql.DataUtil - åˆ›å»ºæ•°æ®åº“æ–‡ä»¶
DEBUG main com.wangboo.batchSql.DataUtil - åˆ›å»ºæ•°æ®åº“ï¼šservers
DEBUG main com.wangboo.batchSql.DataUtil - åˆ›å»ºæ•°æ®åº“æ–‡ä»¶
DEBUG main com.wangboo.batchSql.DataUtil - åˆ›å»ºæ•°æ®åº“ï¼šservers
DEBUG main com.wangboo.batchSql.DataUtil - åˆ›å»ºæ•°æ®åº“æ–‡ä»¶
DEBUG main com.wangboo.batchSql.DataUtil - åˆ›å»ºæ•°æ®åº“ï¼šservers
DEBUG main com.wangboo.batchSql.DataUtil - åˆ›å»ºæ•°æ®åº“æ–‡ä»¶
DEBUG main com.wangboo.batchSql.DataUtil - åˆ›å»ºæ•°æ®åº“ï¼šservers
DEBUG main com.wangboo.batchSql.DataUtil - åˆ›å»ºæ•°æ®åº“æ–‡ä»¶
DEBUG main com.wangboo.batchSql.DataUtil - åˆ›å»ºæ•°æ®åº“ï¼šservers
DEBUG main com.wangboo.batchSql.DataUtil - åˆ›å»ºæ•°æ®åº“æ–‡ä»¶
DEBUG main com.wangboo.batchSql.DataUtil - åˆ›å»ºæ•°æ®åº“ï¼šservers
DEBUG main com.wangboo.batchSql.comp.ServerListView - serverList = 0
DEBUG main com.wangboo.batchSql.DataUtil - åˆ›å»ºæ•°æ®åº“æ–‡ä»¶
DEBUG main com.wangboo.batchSql.DataUtil - åˆ›å»ºæ•°æ®åº“ï¼šservers
DEBUG main com.wangboo.batchSql.comp.ServerListView - serverList = 0
DEBUG main com.wangboo.batchSql.DataUtil - åˆ›å»ºæ•°æ®åº“æ–‡ä»¶
DEBUG main com.wangboo.batchSql.DataUtil - åˆ›å»ºæ•°æ®åº“ï¼šservers
DEBUG main com.wangboo.batchSql.comp.ServerListView - serverList = 0
DEBUG main com.wangboo.batchSql.comp.ServerListView - server name = wangboo
DEBUG main com.wangboo.batchSql.comp.ServerListView - server name = wangboo
DEBUG main com.wangboo.batchSql.comp.ServerListView - server name = 1
DEBUG main com.wangboo.batchSql.DataUtil - åˆ›å»ºæ•°æ®åº“æ–‡ä»¶
DEBUG main com.wangboo.batchSql.DataUtil - åˆ›å»ºæ•°æ®åº“ï¼šservers
DEBUG main com.wangboo.batchSql.DataUtil - åˆ›å»ºæ•°æ®åº“æ–‡ä»¶
DEBUG main com.wangboo.batchSql.DataUtil - åˆ›å»ºæ•°æ®åº“ï¼šservers
DEBUG main com.wangboo.batchSql.DataUtil - åˆ›å»ºæ•°æ®åº“æ–‡ä»¶
DEBUG main com.wangboo.batchSql.DataUtil - åˆ›å»ºæ•°æ®åº“ï¼šservers
DEBUG main com.wangboo.batchSql.DataUtil - åˆ›å»ºæ•°æ®åº“æ–‡ä»¶
DEBUG main com.wangboo.batchSql.DataUtil - åˆ›å»ºæ•°æ®åº“ï¼šservers
DEBUG main com.wangboo.batchSql.DataUtil - åˆ›å»ºæ•°æ®åº“æ–‡ä»¶
DEBUG main com.wangboo.batchSql.DataUtil - åˆ›å»ºæ•°æ®åº“ï¼šservers
DEBUG main com.wangboo.batchSql.DataUtil - åˆ›å»ºæ•°æ®åº“æ–‡ä»¶
DEBUG main com.wangboo.batchSql.DataUtil - åˆ›å»ºæ•°æ®åº“ï¼šservers
DEBUG main com.wangboo.batchSql.DataUtil - åˆ›å»ºæ•°æ®åº“æ–‡ä»¶
DEBUG main com.wangboo.batchSql.DataUtil - åˆ›å»ºæ•°æ®åº“ï¼šservers
DEBUG main com.wangboo.batchSql.DataUtil - åˆ›å»ºæ•°æ®åº“æ–‡ä»¶
DEBUG main com.wangboo.batchSql.DataUtil - åˆ›å»ºæ•°æ®åº“ï¼šservers
DEBUG main com.wangboo.batchSql.DataUtil - åˆ›å»ºæ•°æ®åº“æ–‡ä»¶
DEBUG main com.wangboo.batchSql.DataUtil - åˆ›å»ºæ•°æ®åº“ï¼šservers
DEBUG main com.wangboo.batchSql.DataUtil - åˆ›å»ºæ•°æ®åº“æ–‡ä»¶
DEBUG main com.wangboo.batchSql.DataUtil - åˆ›å»ºæ•°æ®åº“ï¼šservers
DEBUG main com.wangboo.batchSql.DataUtil - åˆ›å»ºæ•°æ®åº“æ–‡ä»¶
DEBUG main com.wangboo.batchSql.DataUtil - åˆ›å»ºæ•°æ®åº“ï¼šservers
DEBUG main com.wangboo.batchSql.DataUtil - åˆ›å»ºæ•°æ®åº“æ–‡ä»¶
DEBUG main com.wangboo.batchSql.DataUtil - åˆ›å»ºæ•°æ®åº“ï¼šservers
DEBUG main com.wangboo.batchSql.DataUtil - åˆ›å»ºæ•°æ®åº“æ–‡ä»¶
DEBUG main com.wangboo.batchSql.DataUtil - åˆ›å»ºæ•°æ®åº“ï¼šservers
DEBUG main com.wangboo.batchSql.DataUtil - åˆ›å»ºæ•°æ®åº“æ–‡ä»¶
DEBUG main com.wangboo.batchSql.DataUtil - åˆ›å»ºæ•°æ®åº“ï¼šservers
DEBUG main com.wangboo.batchSql.DataUtil - åˆ›å»ºæ•°æ®åº“æ–‡ä»¶
DEBUG main com.wangboo.batchSql.DataUtil - åˆ›å»ºæ•°æ®åº“ï¼šservers
DEBUG main com.wangboo.batchSql.DataUtil - åˆ›å»ºæ•°æ®åº“æ–‡ä»¶
DEBUG main com.wangboo.batchSql.DataUtil - åˆ›å»ºæ•°æ®åº“ï¼šservers
DEBUG main com.wangboo.batchSql.DataUtil - åˆ›å»ºæ•°æ®åº“æ–‡ä»¶
DEBUG main com.wangboo.batchSql.DataUtil - åˆ›å»ºæ•°æ®åº“ï¼šservers
DEBUG main com.wangboo.batchSql.DataUtil - åˆ›å»ºæ•°æ®åº“æ–‡ä»¶
DEBUG main com.wangboo.batchSql.DataUtil - åˆ›å»ºæ•°æ®åº“ï¼šservers
DEBUG main com.wangboo.batchSql.DataUtil - åˆ›å»ºæ•°æ®åº“æ–‡ä»¶
DEBUG main com.wangboo.batchSql.DataUtil - åˆ›å»ºæ•°æ®åº“ï¼šservers
